\BOOKMARK [1][-]{section.1}{\376\377\000I\000S\000M\000\040\000a\000n\000d\000\040\000S\000t\000a\000r\000\040\000F\000o\000r\000m\000a\000t\000i\000o\000n}{}% 1
\BOOKMARK [2][-]{subsection.1.1}{\376\377\000I\000n\000t\000e\000r\000s\000t\000e\000l\000l\000a\000r\000\040\000M\000a\000t\000t\000e\000r}{section.1}% 2
\BOOKMARK [3][-]{subsubsection.1.1.1}{\376\377\000R\000a\000y\000l\000e\000i\000g\000h\000\040\000s\000c\000a\000t\000t\000e\000r\000i\000n\000g}{subsection.1.1}% 3
\BOOKMARK [3][-]{subsubsection.1.1.2}{\376\377\000P\000r\000o\000b\000l\000e\000m\000\040\0001}{subsection.1.1}% 4
\BOOKMARK [3][-]{subsubsection.1.1.3}{\376\377\000A\000n\000s\000w\000e\000r\000\040\0001}{subsection.1.1}% 5
\BOOKMARK [3][-]{subsubsection.1.1.4}{\376\377\000P\000r\000o\000b\000l\000e\000m\000\040\0002}{subsection.1.1}% 6
\BOOKMARK [3][-]{subsubsection.1.1.5}{\376\377\000A\000n\000s\000w\000e\000r\000\040\0002}{subsection.1.1}% 7
\BOOKMARK [3][-]{subsubsection.1.1.6}{\376\377\000P\000r\000o\000b\000l\000e\000m\000\040\0003}{subsection.1.1}% 8
\BOOKMARK [3][-]{subsubsection.1.1.7}{\376\377\000A\000n\000s\000w\000e\000r\000\040\0003}{subsection.1.1}% 9
\BOOKMARK [3][-]{subsubsection.1.1.8}{\376\377\000P\000r\000o\000b\000l\000e\000m\000\040\0004}{subsection.1.1}% 10
\BOOKMARK [3][-]{subsubsection.1.1.9}{\376\377\000P\000r\000o\000b\000l\000e\000m\000\040\0005}{subsection.1.1}% 11
\BOOKMARK [3][-]{subsubsection.1.1.10}{\376\377\000P\000r\000o\000b\000l\000e\000m\000\040\0005\000\040\000\050\000c\000o\000n\000t\000'\000d\000\051}{subsection.1.1}% 12
\BOOKMARK [3][-]{subsubsection.1.1.11}{\376\377\000P\000r\000o\000b\000l\000e\000m\000\040\0005\000\040\000\050\000c\000o\000n\000t\000'\000d\000\051}{subsection.1.1}% 13
\BOOKMARK [3][-]{subsubsection.1.1.12}{\376\377\000D\000i\000p\000o\000l\000e\000\040\000i\000n\000t\000e\000r\000a\000c\000t\000i\000o\000n\000s\000\040\000a\000n\000d\000\040\000t\000h\000e\000\040\0002\0001\000\040\000c\000m\000\040\000l\000i\000n\000e}{subsection.1.1}% 14
\BOOKMARK [3][-]{subsubsection.1.1.13}{\376\377\000P\000r\000o\000b\000l\000e\000m\000\040\0006}{subsection.1.1}% 15
\BOOKMARK [3][-]{subsubsection.1.1.14}{\376\377\000A\000n\000s\000w\000e\000r\000\040\0006}{subsection.1.1}% 16
\BOOKMARK [3][-]{subsubsection.1.1.15}{\376\377\000P\000r\000o\000b\000l\000e\000m\000\040\0006\000\040\000\050\000c\000o\000n\000t\000'\000d\000\051}{subsection.1.1}% 17
\BOOKMARK [3][-]{subsubsection.1.1.16}{\376\377\000A\000n\000s\000w\000e\000r\000\040\0006\000\040\000\050\000c\000o\000n\000t\000'\000d\000\051}{subsection.1.1}% 18
\BOOKMARK [3][-]{subsubsection.1.1.17}{\376\377\000P\000r\000o\000b\000l\000e\000m\000\040\0006\000\040\000\050\000c\000o\000n\000t\000'\000d\000\051}{subsection.1.1}% 19
\BOOKMARK [3][-]{subsubsection.1.1.18}{\376\377\000A\000n\000s\000w\000e\000r\000\040\0006\000\040\000\050\000c\000o\000n\000t\000'\000d\000\051}{subsection.1.1}% 20
\BOOKMARK [3][-]{subsubsection.1.1.19}{\376\377\000P\000r\000o\000b\000l\000e\000m\000\040\0006\000\040\000\050\000c\000o\000n\000t\000'\000d\000\051}{subsection.1.1}% 21
\BOOKMARK [3][-]{subsubsection.1.1.20}{\376\377\000A\000n\000s\000w\000e\000r\000\040\0006\000\040\000\050\000c\000o\000n\000t\000'\000d\000\051}{subsection.1.1}% 22
\BOOKMARK [3][-]{subsubsection.1.1.21}{\376\377\000P\000r\000o\000b\000l\000e\000m\000\040\0006\000\040\000\050\000c\000o\000n\000t\000'\000d\000\051}{subsection.1.1}% 23
\BOOKMARK [3][-]{subsubsection.1.1.22}{\376\377\000A\000n\000s\000w\000e\000r\000\040\0006\000\040\000\050\000c\000o\000n\000t\000'\000d\000\051}{subsection.1.1}% 24
\BOOKMARK [3][-]{subsubsection.1.1.23}{\376\377\000A\000n\000s\000w\000e\000r\000\040\0006\000\040\000\050\000c\000o\000n\000t\000'\000d\000\051}{subsection.1.1}% 25
\BOOKMARK [3][-]{subsubsection.1.1.24}{\376\377\000P\000r\000o\000b\000l\000e\000m\000\040\0007}{subsection.1.1}% 26
\BOOKMARK [2][-]{subsection.1.2}{\376\377\000S\000t\000e\000l\000l\000a\000r\000\040\000f\000o\000r\000m\000a\000t\000i\000o\000n}{section.1}% 27
\BOOKMARK [3][-]{subsubsection.1.2.1}{\376\377\000S\000t\000a\000g\000e\000s\000\040\0001\000-\0003}{subsection.1.2}% 28
\BOOKMARK [2][-]{subsection.1.3}{\376\377\000T\000h\000e\000\040\000K\000e\000l\000v\000i\000n\000-\000H\000e\000l\000m\000h\000o\000l\000t\000z\000\040\000p\000h\000a\000s\000e}{section.1}% 29
\BOOKMARK [3][-]{subsubsection.1.3.1}{\376\377\000P\000r\000o\000b\000l\000e\000m\000\040\0008}{subsection.1.3}% 30
\BOOKMARK [3][-]{subsubsection.1.3.2}{\376\377\000A\000n\000s\000w\000e\000r\000\040\0008}{subsection.1.3}% 31
\BOOKMARK [3][-]{subsubsection.1.3.3}{\376\377\000S\000t\000a\000g\000e\000s\000\040\0004\000\040\000a\000n\000d\000\040\0005\000:\000\040\000T\000\040\000T\000a\000u\000r\000i\000\040\000p\000h\000a\000s\000e}{subsection.1.3}% 32
\BOOKMARK [3][-]{subsubsection.1.3.4}{\376\377\000P\000r\000o\000b\000l\000e\000m\000\040\0009\000.}{subsection.1.3}% 33
\BOOKMARK [3][-]{subsubsection.1.3.5}{\376\377\000A\000n\000s\000w\000e\000r\000\040\0009\000.}{subsection.1.3}% 34
\BOOKMARK [2][-]{subsection.1.4}{\376\377\000S\000t\000a\000g\000e\000\040\0006}{section.1}% 35
\BOOKMARK [2][-]{subsection.1.5}{\376\377\000S\000t\000a\000g\000e\000\040\0007}{section.1}% 36
\BOOKMARK [3][-]{subsubsection.1.5.1}{\376\377\000P\000r\000o\000b\000l\000e\000m\000\040\0001\0000}{subsection.1.5}% 37
\BOOKMARK [3][-]{subsubsection.1.5.2}{\376\377\000M\000a\000s\000s\000-\000L\000u\000m\000i\000n\000o\000s\000i\000t\000y\000/\000R\000a\000d\000i\000u\000s\000\040\000r\000e\000l\000a\000t\000i\000o\000n\000s}{subsection.1.5}% 38
\BOOKMARK [3][-]{subsubsection.1.5.3}{\376\377\000P\000r\000o\000b\000l\000e\000m\000\040\0001\0001}{subsection.1.5}% 39
\BOOKMARK [3][-]{subsubsection.1.5.4}{\376\377\000A\000n\000s\000w\000e\000r\000\040\0001\0001}{subsection.1.5}% 40
\BOOKMARK [3][-]{subsubsection.1.5.5}{\376\377\000P\000r\000o\000b\000l\000e\000m\000\040\0001\0002}{subsection.1.5}% 41
\BOOKMARK [3][-]{subsubsection.1.5.6}{\376\377\000P\000r\000o\000b\000l\000e\000m\000\040\0001\0003}{subsection.1.5}% 42
